Build output check failed:
    Regex: 'argument .* is not valid'
    Output line: 'cc1: warning: ‘-Werror=’ argument ‘-Werror=non-virtual-dtor’ is not valid for C'
Compilation failed:
    source file: '/home/aitest/sesha/mono-track-sesha/monotrack/court-detection/build/CMakeFiles/CMakeTmp/src.c'
    check option: ' -fsigned-char -W -Wall -Werror=return-type  -Werror=non-virtual-dtor'
===== BUILD LOG =====
Change Dir: /home/aitest/sesha/mono-track-sesha/monotrack/court-detection/build/CMakeFiles/CMakeTmp

Run Build Command(s):/usr/bin/make cmTC_8355d/fast && /usr/bin/make -f CMakeFiles/cmTC_8355d.dir/build.make CMakeFiles/cmTC_8355d.dir/build
make[1]: Entering directory '/home/aitest/sesha/mono-track-sesha/monotrack/court-detection/build/CMakeFiles/CMakeTmp'
Building C object CMakeFiles/cmTC_8355d.dir/src.c.o
/usr/bin/cc   -O3 -DNDEBUG -fPIE    -fsigned-char -W -Wall -Werror=return-type  -Werror=non-virtual-dtor -o CMakeFiles/cmTC_8355d.dir/src.c.o   -c /home/aitest/sesha/mono-track-sesha/monotrack/court-detection/build/CMakeFiles/CMakeTmp/src.c
cc1: warning: ‘-Werror=’ argument ‘-Werror=non-virtual-dtor’ is not valid for C
/home/aitest/sesha/mono-track-sesha/monotrack/court-detection/build/CMakeFiles/CMakeTmp/src.c:1: warning: ignoring #pragma   [-Wunknown-pragmas]
    1 | #pragma
      | 
Linking C executable cmTC_8355d
/usr/bin/cmake -E cmake_link_script CMakeFiles/cmTC_8355d.dir/link.txt --verbose=1
/usr/bin/cc   -O3 -DNDEBUG    -rdynamic CMakeFiles/cmTC_8355d.dir/src.c.o  -o cmTC_8355d 
make[1]: Leaving directory '/home/aitest/sesha/mono-track-sesha/monotrack/court-detection/build/CMakeFiles/CMakeTmp'


===== END =====

Build output check failed:
    Regex: 'command[- ]line option .* is valid for .* but not for C\+\+'
    Output line: 'cc1plus: warning: command line option ‘-Wmissing-prototypes’ is valid for C/ObjC but not for C++'
Compilation failed:
    source file: '/home/aitest/sesha/mono-track-sesha/monotrack/court-detection/build/CMakeFiles/CMakeTmp/src.cxx'
    check option: ' -fsigned-char -W -Wall -Werror=return-type -Werror=non-virtual-dtor -Werror=address -Werror=sequence-point -Wformat -Werror=format-security -Wmissing-declarations  -Wmissing-prototypes'
===== BUILD LOG =====
Change Dir: /home/aitest/sesha/mono-track-sesha/monotrack/court-detection/build/CMakeFiles/CMakeTmp

Run Build Command(s):/usr/bin/make cmTC_da1d3/fast && /usr/bin/make -f CMakeFiles/cmTC_da1d3.dir/build.make CMakeFiles/cmTC_da1d3.dir/build
make[1]: Entering directory '/home/aitest/sesha/mono-track-sesha/monotrack/court-detection/build/CMakeFiles/CMakeTmp'
Building CXX object CMakeFiles/cmTC_da1d3.dir/src.cxx.o
/usr/bin/c++    -Wall -Wextra  -O3 -DNDEBUG -fPIE    -fsigned-char -W -Wall -Werror=return-type -Werror=non-virtual-dtor -Werror=address -Werror=sequence-point -Wformat -Werror=format-security -Wmissing-declarations  -Wmissing-prototypes -o CMakeFiles/cmTC_da1d3.dir/src.cxx.o -c /home/aitest/sesha/mono-track-sesha/monotrack/court-detection/build/CMakeFiles/CMakeTmp/src.cxx
cc1plus: warning: command line option ‘-Wmissing-prototypes’ is valid for C/ObjC but not for C++
/home/aitest/sesha/mono-track-sesha/monotrack/court-detection/build/CMakeFiles/CMakeTmp/src.cxx:1: warning: ignoring #pragma   [-Wunknown-pragmas]
    1 | #pragma
      | 
Linking CXX executable cmTC_da1d3
/usr/bin/cmake -E cmake_link_script CMakeFiles/cmTC_da1d3.dir/link.txt --verbose=1
/usr/bin/c++  -Wall -Wextra  -O3 -DNDEBUG    -rdynamic CMakeFiles/cmTC_da1d3.dir/src.cxx.o  -o cmTC_da1d3 
make[1]: Leaving directory '/home/aitest/sesha/mono-track-sesha/monotrack/court-detection/build/CMakeFiles/CMakeTmp'


===== END =====

Build output check failed:
    Regex: 'command[- ]line option .* is valid for .* but not for C\+\+'
    Output line: 'cc1plus: warning: command line option ‘-Wstrict-prototypes’ is valid for C/ObjC but not for C++'
Compilation failed:
    source file: '/home/aitest/sesha/mono-track-sesha/monotrack/court-detection/build/CMakeFiles/CMakeTmp/src.cxx'
    check option: ' -fsigned-char -W -Wall -Werror=return-type -Werror=non-virtual-dtor -Werror=address -Werror=sequence-point -Wformat -Werror=format-security -Wmissing-declarations  -Wstrict-prototypes'
===== BUILD LOG =====
Change Dir: /home/aitest/sesha/mono-track-sesha/monotrack/court-detection/build/CMakeFiles/CMakeTmp

Run Build Command(s):/usr/bin/make cmTC_a8588/fast && /usr/bin/make -f CMakeFiles/cmTC_a8588.dir/build.make CMakeFiles/cmTC_a8588.dir/build
make[1]: Entering directory '/home/aitest/sesha/mono-track-sesha/monotrack/court-detection/build/CMakeFiles/CMakeTmp'
Building CXX object CMakeFiles/cmTC_a8588.dir/src.cxx.o
/usr/bin/c++    -Wall -Wextra  -O3 -DNDEBUG -fPIE    -fsigned-char -W -Wall -Werror=return-type -Werror=non-virtual-dtor -Werror=address -Werror=sequence-point -Wformat -Werror=format-security -Wmissing-declarations  -Wstrict-prototypes -o CMakeFiles/cmTC_a8588.dir/src.cxx.o -c /home/aitest/sesha/mono-track-sesha/monotrack/court-detection/build/CMakeFiles/CMakeTmp/src.cxx
cc1plus: warning: command line option ‘-Wstrict-prototypes’ is valid for C/ObjC but not for C++
/home/aitest/sesha/mono-track-sesha/monotrack/court-detection/build/CMakeFiles/CMakeTmp/src.cxx:1: warning: ignoring #pragma   [-Wunknown-pragmas]
    1 | #pragma
      | 
Linking CXX executable cmTC_a8588
/usr/bin/cmake -E cmake_link_script CMakeFiles/cmTC_a8588.dir/link.txt --verbose=1
/usr/bin/c++  -Wall -Wextra  -O3 -DNDEBUG    -rdynamic CMakeFiles/cmTC_a8588.dir/src.cxx.o  -o cmTC_a8588 
make[1]: Leaving directory '/home/aitest/sesha/mono-track-sesha/monotrack/court-detection/build/CMakeFiles/CMakeTmp'


===== END =====

Build output check failed:
    Regex: 'command[- ]line option .* is valid for .* but not for C'
    Output line: 'cc1: warning: command line option ‘-Wsign-promo’ is valid for C++/ObjC++ but not for C'
Compilation failed:
    source file: '/home/aitest/sesha/mono-track-sesha/monotrack/court-detection/build/CMakeFiles/CMakeTmp/src.c'
    check option: ' -fsigned-char -W -Wall -Werror=return-type -Werror=address -Werror=sequence-point -Wformat -Werror=format-security -Wmissing-declarations -Wmissing-prototypes -Wstrict-prototypes -Wundef -Winit-self -Wpointer-arith -Wshadow  -Wsign-promo'
===== BUILD LOG =====
Change Dir: /home/aitest/sesha/mono-track-sesha/monotrack/court-detection/build/CMakeFiles/CMakeTmp

Run Build Command(s):/usr/bin/make cmTC_a1bce/fast && /usr/bin/make -f CMakeFiles/cmTC_a1bce.dir/build.make CMakeFiles/cmTC_a1bce.dir/build
make[1]: Entering directory '/home/aitest/sesha/mono-track-sesha/monotrack/court-detection/build/CMakeFiles/CMakeTmp'
Building C object CMakeFiles/cmTC_a1bce.dir/src.c.o
/usr/bin/cc   -O3 -DNDEBUG -fPIE    -fsigned-char -W -Wall -Werror=return-type -Werror=address -Werror=sequence-point -Wformat -Werror=format-security -Wmissing-declarations -Wmissing-prototypes -Wstrict-prototypes -Wundef -Winit-self -Wpointer-arith -Wshadow  -Wsign-promo -o CMakeFiles/cmTC_a1bce.dir/src.c.o   -c /home/aitest/sesha/mono-track-sesha/monotrack/court-detection/build/CMakeFiles/CMakeTmp/src.c
cc1: warning: command line option ‘-Wsign-promo’ is valid for C++/ObjC++ but not for C
/home/aitest/sesha/mono-track-sesha/monotrack/court-detection/build/CMakeFiles/CMakeTmp/src.c:1: warning: ignoring #pragma   [-Wunknown-pragmas]
    1 | #pragma
      | 
Linking C executable cmTC_a1bce
/usr/bin/cmake -E cmake_link_script CMakeFiles/cmTC_a1bce.dir/link.txt --verbose=1
/usr/bin/cc   -O3 -DNDEBUG    -rdynamic CMakeFiles/cmTC_a1bce.dir/src.c.o  -o cmTC_a1bce 
make[1]: Leaving directory '/home/aitest/sesha/mono-track-sesha/monotrack/court-detection/build/CMakeFiles/CMakeTmp'


===== END =====

Build output check failed:
    Regex: 'command[- ]line option .* is valid for .* but not for C'
    Output line: 'cc1: warning: command line option ‘-Wsuggest-override’ is valid for C++/ObjC++ but not for C'
Compilation failed:
    source file: '/home/aitest/sesha/mono-track-sesha/monotrack/court-detection/build/CMakeFiles/CMakeTmp/src.c'
    check option: ' -fsigned-char -W -Wall -Werror=return-type -Werror=address -Werror=sequence-point -Wformat -Werror=format-security -Wmissing-declarations -Wmissing-prototypes -Wstrict-prototypes -Wundef -Winit-self -Wpointer-arith -Wshadow -Wuninitialized -Winit-self  -Wsuggest-override'
===== BUILD LOG =====
Change Dir: /home/aitest/sesha/mono-track-sesha/monotrack/court-detection/build/CMakeFiles/CMakeTmp

Run Build Command(s):/usr/bin/make cmTC_99a11/fast && /usr/bin/make -f CMakeFiles/cmTC_99a11.dir/build.make CMakeFiles/cmTC_99a11.dir/build
make[1]: Entering directory '/home/aitest/sesha/mono-track-sesha/monotrack/court-detection/build/CMakeFiles/CMakeTmp'
Building C object CMakeFiles/cmTC_99a11.dir/src.c.o
/usr/bin/cc   -O3 -DNDEBUG -fPIE    -fsigned-char -W -Wall -Werror=return-type -Werror=address -Werror=sequence-point -Wformat -Werror=format-security -Wmissing-declarations -Wmissing-prototypes -Wstrict-prototypes -Wundef -Winit-self -Wpointer-arith -Wshadow -Wuninitialized -Winit-self  -Wsuggest-override -o CMakeFiles/cmTC_99a11.dir/src.c.o   -c /home/aitest/sesha/mono-track-sesha/monotrack/court-detection/build/CMakeFiles/CMakeTmp/src.c
cc1: warning: command line option ‘-Wsuggest-override’ is valid for C++/ObjC++ but not for C
/home/aitest/sesha/mono-track-sesha/monotrack/court-detection/build/CMakeFiles/CMakeTmp/src.c:1: warning: ignoring #pragma   [-Wunknown-pragmas]
    1 | #pragma
      | 
Linking C executable cmTC_99a11
/usr/bin/cmake -E cmake_link_script CMakeFiles/cmTC_99a11.dir/link.txt --verbose=1
/usr/bin/cc   -O3 -DNDEBUG    -rdynamic CMakeFiles/cmTC_99a11.dir/src.c.o  -o cmTC_99a11 
make[1]: Leaving directory '/home/aitest/sesha/mono-track-sesha/monotrack/court-detection/build/CMakeFiles/CMakeTmp'


===== END =====

Build output check failed:
    Regex: 'command[- ]line option .* is valid for .* but not for C'
    Output line: 'cc1: warning: command line option ‘-Wno-delete-non-virtual-dtor’ is valid for C++/ObjC++ but not for C'
Compilation failed:
    source file: '/home/aitest/sesha/mono-track-sesha/monotrack/court-detection/build/CMakeFiles/CMakeTmp/src.c'
    check option: ' -fsigned-char -W -Wall -Werror=return-type -Werror=address -Werror=sequence-point -Wformat -Werror=format-security -Wmissing-declarations -Wmissing-prototypes -Wstrict-prototypes -Wundef -Winit-self -Wpointer-arith -Wshadow -Wuninitialized -Winit-self  -Wno-delete-non-virtual-dtor'
===== BUILD LOG =====
Change Dir: /home/aitest/sesha/mono-track-sesha/monotrack/court-detection/build/CMakeFiles/CMakeTmp

Run Build Command(s):/usr/bin/make cmTC_eeb90/fast && /usr/bin/make -f CMakeFiles/cmTC_eeb90.dir/build.make CMakeFiles/cmTC_eeb90.dir/build
make[1]: Entering directory '/home/aitest/sesha/mono-track-sesha/monotrack/court-detection/build/CMakeFiles/CMakeTmp'
Building C object CMakeFiles/cmTC_eeb90.dir/src.c.o
/usr/bin/cc   -O3 -DNDEBUG -fPIE    -fsigned-char -W -Wall -Werror=return-type -Werror=address -Werror=sequence-point -Wformat -Werror=format-security -Wmissing-declarations -Wmissing-prototypes -Wstrict-prototypes -Wundef -Winit-self -Wpointer-arith -Wshadow -Wuninitialized -Winit-self  -Wno-delete-non-virtual-dtor -o CMakeFiles/cmTC_eeb90.dir/src.c.o   -c /home/aitest/sesha/mono-track-sesha/monotrack/court-detection/build/CMakeFiles/CMakeTmp/src.c
cc1: warning: command line option ‘-Wno-delete-non-virtual-dtor’ is valid for C++/ObjC++ but not for C
/home/aitest/sesha/mono-track-sesha/monotrack/court-detection/build/CMakeFiles/CMakeTmp/src.c:1: warning: ignoring #pragma   [-Wunknown-pragmas]
    1 | #pragma
      | 
Linking C executable cmTC_eeb90
/usr/bin/cmake -E cmake_link_script CMakeFiles/cmTC_eeb90.dir/link.txt --verbose=1
/usr/bin/cc   -O3 -DNDEBUG    -rdynamic CMakeFiles/cmTC_eeb90.dir/src.c.o  -o cmTC_eeb90 
make[1]: Leaving directory '/home/aitest/sesha/mono-track-sesha/monotrack/court-detection/build/CMakeFiles/CMakeTmp'


===== END =====

Build output check failed:
    Regex: 'unrecognized .*option'
    Output line: 'cc1plus: warning: unrecognized command line option ‘-Wno-unnamed-type-template-args’'
Compilation failed:
    source file: '/home/aitest/sesha/mono-track-sesha/monotrack/court-detection/build/CMakeFiles/CMakeTmp/src.cxx'
    check option: ' -fsigned-char -W -Wall -Werror=return-type -Werror=non-virtual-dtor -Werror=address -Werror=sequence-point -Wformat -Werror=format-security -Wmissing-declarations -Wundef -Winit-self -Wpointer-arith -Wshadow -Wsign-promo -Wuninitialized -Winit-self -Wsuggest-override -Wno-delete-non-virtual-dtor  -Wno-unnamed-type-template-args'
===== BUILD LOG =====
Change Dir: /home/aitest/sesha/mono-track-sesha/monotrack/court-detection/build/CMakeFiles/CMakeTmp

Run Build Command(s):/usr/bin/make cmTC_36b89/fast && /usr/bin/make -f CMakeFiles/cmTC_36b89.dir/build.make CMakeFiles/cmTC_36b89.dir/build
make[1]: Entering directory '/home/aitest/sesha/mono-track-sesha/monotrack/court-detection/build/CMakeFiles/CMakeTmp'
Building CXX object CMakeFiles/cmTC_36b89.dir/src.cxx.o
/usr/bin/c++    -Wall -Wextra  -O3 -DNDEBUG -fPIE    -fsigned-char -W -Wall -Werror=return-type -Werror=non-virtual-dtor -Werror=address -Werror=sequence-point -Wformat -Werror=format-security -Wmissing-declarations -Wundef -Winit-self -Wpointer-arith -Wshadow -Wsign-promo -Wuninitialized -Winit-self -Wsuggest-override -Wno-delete-non-virtual-dtor  -Wno-unnamed-type-template-args -o CMakeFiles/cmTC_36b89.dir/src.cxx.o -c /home/aitest/sesha/mono-track-sesha/monotrack/court-detection/build/CMakeFiles/CMakeTmp/src.cxx
/home/aitest/sesha/mono-track-sesha/monotrack/court-detection/build/CMakeFiles/CMakeTmp/src.cxx:1: warning: ignoring #pragma   [-Wunknown-pragmas]
    1 | #pragma
      | 
cc1plus: warning: unrecognized command line option ‘-Wno-unnamed-type-template-args’
Linking CXX executable cmTC_36b89
/usr/bin/cmake -E cmake_link_script CMakeFiles/cmTC_36b89.dir/link.txt --verbose=1
/usr/bin/c++  -Wall -Wextra  -O3 -DNDEBUG    -rdynamic CMakeFiles/cmTC_36b89.dir/src.cxx.o  -o cmTC_36b89 
make[1]: Leaving directory '/home/aitest/sesha/mono-track-sesha/monotrack/court-detection/build/CMakeFiles/CMakeTmp'


===== END =====

Build output check failed:
    Regex: 'unrecognized .*option'
    Output line: 'cc1: warning: unrecognized command line option ‘-Wno-unnamed-type-template-args’'
Compilation failed:
    source file: '/home/aitest/sesha/mono-track-sesha/monotrack/court-detection/build/CMakeFiles/CMakeTmp/src.c'
    check option: ' -fsigned-char -W -Wall -Werror=return-type -Werror=address -Werror=sequence-point -Wformat -Werror=format-security -Wmissing-declarations -Wmissing-prototypes -Wstrict-prototypes -Wundef -Winit-self -Wpointer-arith -Wshadow -Wuninitialized -Winit-self  -Wno-unnamed-type-template-args'
===== BUILD LOG =====
Change Dir: /home/aitest/sesha/mono-track-sesha/monotrack/court-detection/build/CMakeFiles/CMakeTmp

Run Build Command(s):/usr/bin/make cmTC_dc320/fast && /usr/bin/make -f CMakeFiles/cmTC_dc320.dir/build.make CMakeFiles/cmTC_dc320.dir/build
make[1]: Entering directory '/home/aitest/sesha/mono-track-sesha/monotrack/court-detection/build/CMakeFiles/CMakeTmp'
Building C object CMakeFiles/cmTC_dc320.dir/src.c.o
/usr/bin/cc   -O3 -DNDEBUG -fPIE    -fsigned-char -W -Wall -Werror=return-type -Werror=address -Werror=sequence-point -Wformat -Werror=format-security -Wmissing-declarations -Wmissing-prototypes -Wstrict-prototypes -Wundef -Winit-self -Wpointer-arith -Wshadow -Wuninitialized -Winit-self  -Wno-unnamed-type-template-args -o CMakeFiles/cmTC_dc320.dir/src.c.o   -c /home/aitest/sesha/mono-track-sesha/monotrack/court-detection/build/CMakeFiles/CMakeTmp/src.c
/home/aitest/sesha/mono-track-sesha/monotrack/court-detection/build/CMakeFiles/CMakeTmp/src.c:1: warning: ignoring #pragma   [-Wunknown-pragmas]
    1 | #pragma
      | 
cc1: warning: unrecognized command line option ‘-Wno-unnamed-type-template-args’
Linking C executable cmTC_dc320
/usr/bin/cmake -E cmake_link_script CMakeFiles/cmTC_dc320.dir/link.txt --verbose=1
/usr/bin/cc   -O3 -DNDEBUG    -rdynamic CMakeFiles/cmTC_dc320.dir/src.c.o  -o cmTC_dc320 
make[1]: Leaving directory '/home/aitest/sesha/mono-track-sesha/monotrack/court-detection/build/CMakeFiles/CMakeTmp'


===== END =====

Build output check failed:
    Regex: 'command[- ]line option .* is valid for .* but not for C'
    Output line: 'cc1: warning: command line option ‘-fvisibility-inlines-hidden’ is valid for C++/ObjC++ but not for C'
Compilation failed:
    source file: '/home/aitest/sesha/mono-track-sesha/monotrack/court-detection/build/CMakeFiles/CMakeTmp/src.c'
    check option: ' -fsigned-char -W -Wall -Werror=return-type -Werror=address -Werror=sequence-point -Wformat -Werror=format-security -Wmissing-declarations -Wmissing-prototypes -Wstrict-prototypes -Wundef -Winit-self -Wpointer-arith -Wshadow -Wuninitialized -Winit-self -Wno-comment -Wimplicit-fallthrough=3 -Wno-strict-overflow -fdiagnostics-show-option -Wno-long-long -pthread -fomit-frame-pointer -ffunction-sections -fdata-sections  -msse -msse2 -msse3 -fvisibility=hidden  -fvisibility-inlines-hidden'
===== BUILD LOG =====
Change Dir: /home/aitest/sesha/mono-track-sesha/monotrack/court-detection/build/CMakeFiles/CMakeTmp

Run Build Command(s):/usr/bin/make cmTC_5645f/fast && /usr/bin/make -f CMakeFiles/cmTC_5645f.dir/build.make CMakeFiles/cmTC_5645f.dir/build
make[1]: Entering directory '/home/aitest/sesha/mono-track-sesha/monotrack/court-detection/build/CMakeFiles/CMakeTmp'
Building C object CMakeFiles/cmTC_5645f.dir/src.c.o
/usr/bin/cc   -O3 -DNDEBUG -fPIE    -fsigned-char -W -Wall -Werror=return-type -Werror=address -Werror=sequence-point -Wformat -Werror=format-security -Wmissing-declarations -Wmissing-prototypes -Wstrict-prototypes -Wundef -Winit-self -Wpointer-arith -Wshadow -Wuninitialized -Winit-self -Wno-comment -Wimplicit-fallthrough=3 -Wno-strict-overflow -fdiagnostics-show-option -Wno-long-long -pthread -fomit-frame-pointer -ffunction-sections -fdata-sections  -msse -msse2 -msse3 -fvisibility=hidden  -fvisibility-inlines-hidden -o CMakeFiles/cmTC_5645f.dir/src.c.o   -c /home/aitest/sesha/mono-track-sesha/monotrack/court-detection/build/CMakeFiles/CMakeTmp/src.c
cc1: warning: command line option ‘-fvisibility-inlines-hidden’ is valid for C++/ObjC++ but not for C
/home/aitest/sesha/mono-track-sesha/monotrack/court-detection/build/CMakeFiles/CMakeTmp/src.c:1: warning: ignoring #pragma   [-Wunknown-pragmas]
    1 | #pragma
      | 
Linking C executable cmTC_5645f
/usr/bin/cmake -E cmake_link_script CMakeFiles/cmTC_5645f.dir/link.txt --verbose=1
/usr/bin/cc   -O3 -DNDEBUG    -rdynamic CMakeFiles/cmTC_5645f.dir/src.c.o  -o cmTC_5645f 
make[1]: Leaving directory '/home/aitest/sesha/mono-track-sesha/monotrack/court-detection/build/CMakeFiles/CMakeTmp'


===== END =====

Build output check failed:
    Regex: 'unrecognized .*option'
    Output line: 'cc1: warning: unrecognized command line option ‘-Wno-shorten-64-to-32’'
Compilation failed:
    source file: '/home/aitest/sesha/mono-track-sesha/monotrack/court-detection/build/CMakeFiles/CMakeTmp/src.c'
    check option: ' -Wno-shorten-64-to-32'
===== BUILD LOG =====
Change Dir: /home/aitest/sesha/mono-track-sesha/monotrack/court-detection/build/CMakeFiles/CMakeTmp

Run Build Command(s):/usr/bin/make cmTC_5df87/fast && /usr/bin/make -f CMakeFiles/cmTC_5df87.dir/build.make CMakeFiles/cmTC_5df87.dir/build
make[1]: Entering directory '/home/aitest/sesha/mono-track-sesha/monotrack/court-detection/build/CMakeFiles/CMakeTmp'
Building C object CMakeFiles/cmTC_5df87.dir/src.c.o
/usr/bin/cc   -fsigned-char -W -Wall -Werror=return-type -Werror=address -Werror=sequence-point -Wformat -Werror=format-security -Wmissing-declarations -Wmissing-prototypes -Wstrict-prototypes -Wundef -Winit-self -Wpointer-arith -Wshadow -Wuninitialized -Winit-self -Wno-comment -Wimplicit-fallthrough=3 -Wno-strict-overflow -fdiagnostics-show-option -Wno-long-long -pthread -fomit-frame-pointer -ffunction-sections -fdata-sections  -msse -msse2 -msse3 -fvisibility=hidden -Wno-unused-parameter -Wno-sign-compare  -O3 -DNDEBUG  -DNDEBUG -fPIE    -Wno-shorten-64-to-32 -o CMakeFiles/cmTC_5df87.dir/src.c.o   -c /home/aitest/sesha/mono-track-sesha/monotrack/court-detection/build/CMakeFiles/CMakeTmp/src.c
/home/aitest/sesha/mono-track-sesha/monotrack/court-detection/build/CMakeFiles/CMakeTmp/src.c:1: warning: ignoring #pragma   [-Wunknown-pragmas]
    1 | #pragma
      | 
cc1: warning: unrecognized command line option ‘-Wno-shorten-64-to-32’
Linking C executable cmTC_5df87
/usr/bin/cmake -E cmake_link_script CMakeFiles/cmTC_5df87.dir/link.txt --verbose=1
/usr/bin/cc    -fsigned-char -W -Wall -Werror=return-type -Werror=address -Werror=sequence-point -Wformat -Werror=format-security -Wmissing-declarations -Wmissing-prototypes -Wstrict-prototypes -Wundef -Winit-self -Wpointer-arith -Wshadow -Wuninitialized -Winit-self -Wno-comment -Wimplicit-fallthrough=3 -Wno-strict-overflow -fdiagnostics-show-option -Wno-long-long -pthread -fomit-frame-pointer -ffunction-sections -fdata-sections  -msse -msse2 -msse3 -fvisibility=hidden -Wno-unused-parameter -Wno-sign-compare  -O3 -DNDEBUG  -DNDEBUG    -Wl,--gc-sections -Wl,--as-needed  -rdynamic CMakeFiles/cmTC_5df87.dir/src.c.o  -o cmTC_5df87 
make[1]: Leaving directory '/home/aitest/sesha/mono-track-sesha/monotrack/court-detection/build/CMakeFiles/CMakeTmp'


===== END =====

Determining if the include file io.h exists failed with the following output:
Change Dir: /home/aitest/sesha/mono-track-sesha/monotrack/court-detection/build/CMakeFiles/CMakeTmp

Run Build Command(s):/usr/bin/make cmTC_95dfe/fast && /usr/bin/make -f CMakeFiles/cmTC_95dfe.dir/build.make CMakeFiles/cmTC_95dfe.dir/build
make[1]: Entering directory '/home/aitest/sesha/mono-track-sesha/monotrack/court-detection/build/CMakeFiles/CMakeTmp'
Building C object CMakeFiles/cmTC_95dfe.dir/CheckIncludeFile.c.o
/usr/bin/cc   -fsigned-char -W -Wall -Werror=return-type -Werror=address -Werror=sequence-point -Wformat -Werror=format-security -Wmissing-declarations -Wmissing-prototypes -Wstrict-prototypes -Wundef -Winit-self -Wpointer-arith -Wshadow -Wuninitialized -Winit-self -Wno-comment -Wimplicit-fallthrough=3 -Wno-strict-overflow -fdiagnostics-show-option -Wno-long-long -pthread -fomit-frame-pointer -ffunction-sections -fdata-sections  -msse -msse2 -msse3 -fvisibility=hidden  -O3 -DNDEBUG  -DNDEBUG -fPIE   -o CMakeFiles/cmTC_95dfe.dir/CheckIncludeFile.c.o   -c /home/aitest/sesha/mono-track-sesha/monotrack/court-detection/build/CMakeFiles/CMakeTmp/CheckIncludeFile.c
/home/aitest/sesha/mono-track-sesha/monotrack/court-detection/build/CMakeFiles/CMakeTmp/CheckIncludeFile.c:1:10: fatal error: io.h: No such file or directory
    1 | #include <io.h>
      |          ^~~~~~
compilation terminated.
make[1]: *** [CMakeFiles/cmTC_95dfe.dir/build.make:66: CMakeFiles/cmTC_95dfe.dir/CheckIncludeFile.c.o] Error 1
make[1]: Leaving directory '/home/aitest/sesha/mono-track-sesha/monotrack/court-detection/build/CMakeFiles/CMakeTmp'
make: *** [Makefile:121: cmTC_95dfe/fast] Error 2



Determining size of INT8 failed with the following output:
Change Dir: /home/aitest/sesha/mono-track-sesha/monotrack/court-detection/build/CMakeFiles/CMakeTmp

Run Build Command(s):/usr/bin/make cmTC_7da52/fast && /usr/bin/make -f CMakeFiles/cmTC_7da52.dir/build.make CMakeFiles/cmTC_7da52.dir/build
make[1]: Entering directory '/home/aitest/sesha/mono-track-sesha/monotrack/court-detection/build/CMakeFiles/CMakeTmp'
Building C object CMakeFiles/cmTC_7da52.dir/int8.c.o
/usr/bin/cc   -fsigned-char -W -Wall -Werror=return-type -Werror=address -Werror=sequence-point -Wformat -Werror=format-security -Wmissing-declarations -Wmissing-prototypes -Wstrict-prototypes -Wundef -Winit-self -Wpointer-arith -Wshadow -Wuninitialized -Winit-self -Wno-comment -Wimplicit-fallthrough=3 -Wno-strict-overflow -fdiagnostics-show-option -Wno-long-long -pthread -fomit-frame-pointer -ffunction-sections -fdata-sections  -msse -msse2 -msse3 -fvisibility=hidden  -O3 -DNDEBUG  -DNDEBUG -fPIE   -o CMakeFiles/cmTC_7da52.dir/int8.c.o   -c /home/aitest/sesha/mono-track-sesha/monotrack/court-detection/build/CMakeFiles/CheckTypeSize/int8.c
/home/aitest/sesha/mono-track-sesha/monotrack/court-detection/build/CMakeFiles/CheckTypeSize/int8.c:23:22: error: ‘INT8’ undeclared here (not in a function); did you mean ‘INT8_C’?
   23 | #define SIZE (sizeof(INT8))
      |                      ^~~~
/home/aitest/sesha/mono-track-sesha/monotrack/court-detection/build/CMakeFiles/CheckTypeSize/int8.c:25:12: note: in expansion of macro ‘SIZE’
   25 |   ('0' + ((SIZE / 10000)%10)),
      |            ^~~~
make[1]: *** [CMakeFiles/cmTC_7da52.dir/build.make:66: CMakeFiles/cmTC_7da52.dir/int8.c.o] Error 1
make[1]: Leaving directory '/home/aitest/sesha/mono-track-sesha/monotrack/court-detection/build/CMakeFiles/CMakeTmp'
make: *** [Makefile:121: cmTC_7da52/fast] Error 2


/home/aitest/sesha/mono-track-sesha/monotrack/court-detection/build/CMakeFiles/CheckTypeSize/int8.c:
#include <sys/types.h>
#include <stdint.h>
#include <stddef.h>


#undef KEY
#if defined(__i386)
# define KEY '_','_','i','3','8','6'
#elif defined(__x86_64)
# define KEY '_','_','x','8','6','_','6','4'
#elif defined(__ppc__)
# define KEY '_','_','p','p','c','_','_'
#elif defined(__ppc64__)
# define KEY '_','_','p','p','c','6','4','_','_'
#elif defined(__aarch64__)
# define KEY '_','_','a','a','r','c','h','6','4','_','_'
#elif defined(__ARM_ARCH_7A__)
# define KEY '_','_','A','R','M','_','A','R','C','H','_','7','A','_','_'
#elif defined(__ARM_ARCH_7S__)
# define KEY '_','_','A','R','M','_','A','R','C','H','_','7','S','_','_'
#endif

#define SIZE (sizeof(INT8))
static char info_size[] =  {'I', 'N', 'F', 'O', ':', 's','i','z','e','[',
  ('0' + ((SIZE / 10000)%10)),
  ('0' + ((SIZE / 1000)%10)),
  ('0' + ((SIZE / 100)%10)),
  ('0' + ((SIZE / 10)%10)),
  ('0' +  (SIZE    % 10)),
  ']',
#ifdef KEY
  ' ','k','e','y','[', KEY, ']',
#endif
  '\0'};

#ifdef __CLASSIC_C__
int main(argc, argv) int argc; char *argv[];
#else
int main(int argc, char *argv[])
#endif
{
  int require = 0;
  require += info_size[argc];
  (void)argv;
  return require;
}


Determining size of INT16 failed with the following output:
Change Dir: /home/aitest/sesha/mono-track-sesha/monotrack/court-detection/build/CMakeFiles/CMakeTmp

Run Build Command(s):/usr/bin/make cmTC_3b7e7/fast && /usr/bin/make -f CMakeFiles/cmTC_3b7e7.dir/build.make CMakeFiles/cmTC_3b7e7.dir/build
make[1]: Entering directory '/home/aitest/sesha/mono-track-sesha/monotrack/court-detection/build/CMakeFiles/CMakeTmp'
Building C object CMakeFiles/cmTC_3b7e7.dir/int16.c.o
/usr/bin/cc   -fsigned-char -W -Wall -Werror=return-type -Werror=address -Werror=sequence-point -Wformat -Werror=format-security -Wmissing-declarations -Wmissing-prototypes -Wstrict-prototypes -Wundef -Winit-self -Wpointer-arith -Wshadow -Wuninitialized -Winit-self -Wno-comment -Wimplicit-fallthrough=3 -Wno-strict-overflow -fdiagnostics-show-option -Wno-long-long -pthread -fomit-frame-pointer -ffunction-sections -fdata-sections  -msse -msse2 -msse3 -fvisibility=hidden  -O3 -DNDEBUG  -DNDEBUG -fPIE   -o CMakeFiles/cmTC_3b7e7.dir/int16.c.o   -c /home/aitest/sesha/mono-track-sesha/monotrack/court-detection/build/CMakeFiles/CheckTypeSize/int16.c
/home/aitest/sesha/mono-track-sesha/monotrack/court-detection/build/CMakeFiles/CheckTypeSize/int16.c:23:22: error: ‘INT16’ undeclared here (not in a function); did you mean ‘INT16_C’?
   23 | #define SIZE (sizeof(INT16))
      |                      ^~~~~
/home/aitest/sesha/mono-track-sesha/monotrack/court-detection/build/CMakeFiles/CheckTypeSize/int16.c:25:12: note: in expansion of macro ‘SIZE’
   25 |   ('0' + ((SIZE / 10000)%10)),
      |            ^~~~
make[1]: *** [CMakeFiles/cmTC_3b7e7.dir/build.make:66: CMakeFiles/cmTC_3b7e7.dir/int16.c.o] Error 1
make[1]: Leaving directory '/home/aitest/sesha/mono-track-sesha/monotrack/court-detection/build/CMakeFiles/CMakeTmp'
make: *** [Makefile:121: cmTC_3b7e7/fast] Error 2


/home/aitest/sesha/mono-track-sesha/monotrack/court-detection/build/CMakeFiles/CheckTypeSize/int16.c:
#include <sys/types.h>
#include <stdint.h>
#include <stddef.h>


#undef KEY
#if defined(__i386)
# define KEY '_','_','i','3','8','6'
#elif defined(__x86_64)
# define KEY '_','_','x','8','6','_','6','4'
#elif defined(__ppc__)
# define KEY '_','_','p','p','c','_','_'
#elif defined(__ppc64__)
# define KEY '_','_','p','p','c','6','4','_','_'
#elif defined(__aarch64__)
# define KEY '_','_','a','a','r','c','h','6','4','_','_'
#elif defined(__ARM_ARCH_7A__)
# define KEY '_','_','A','R','M','_','A','R','C','H','_','7','A','_','_'
#elif defined(__ARM_ARCH_7S__)
# define KEY '_','_','A','R','M','_','A','R','C','H','_','7','S','_','_'
#endif

#define SIZE (sizeof(INT16))
static char info_size[] =  {'I', 'N', 'F', 'O', ':', 's','i','z','e','[',
  ('0' + ((SIZE / 10000)%10)),
  ('0' + ((SIZE / 1000)%10)),
  ('0' + ((SIZE / 100)%10)),
  ('0' + ((SIZE / 10)%10)),
  ('0' +  (SIZE    % 10)),
  ']',
#ifdef KEY
  ' ','k','e','y','[', KEY, ']',
#endif
  '\0'};

#ifdef __CLASSIC_C__
int main(argc, argv) int argc; char *argv[];
#else
int main(int argc, char *argv[])
#endif
{
  int require = 0;
  require += info_size[argc];
  (void)argv;
  return require;
}


Determining size of INT32 failed with the following output:
Change Dir: /home/aitest/sesha/mono-track-sesha/monotrack/court-detection/build/CMakeFiles/CMakeTmp

Run Build Command(s):/usr/bin/make cmTC_71f5b/fast && /usr/bin/make -f CMakeFiles/cmTC_71f5b.dir/build.make CMakeFiles/cmTC_71f5b.dir/build
make[1]: Entering directory '/home/aitest/sesha/mono-track-sesha/monotrack/court-detection/build/CMakeFiles/CMakeTmp'
Building C object CMakeFiles/cmTC_71f5b.dir/int32.c.o
/usr/bin/cc   -fsigned-char -W -Wall -Werror=return-type -Werror=address -Werror=sequence-point -Wformat -Werror=format-security -Wmissing-declarations -Wmissing-prototypes -Wstrict-prototypes -Wundef -Winit-self -Wpointer-arith -Wshadow -Wuninitialized -Winit-self -Wno-comment -Wimplicit-fallthrough=3 -Wno-strict-overflow -fdiagnostics-show-option -Wno-long-long -pthread -fomit-frame-pointer -ffunction-sections -fdata-sections  -msse -msse2 -msse3 -fvisibility=hidden  -O3 -DNDEBUG  -DNDEBUG -fPIE   -o CMakeFiles/cmTC_71f5b.dir/int32.c.o   -c /home/aitest/sesha/mono-track-sesha/monotrack/court-detection/build/CMakeFiles/CheckTypeSize/int32.c
/home/aitest/sesha/mono-track-sesha/monotrack/court-detection/build/CMakeFiles/CheckTypeSize/int32.c:23:22: error: ‘INT32’ undeclared here (not in a function); did you mean ‘INT32_C’?
   23 | #define SIZE (sizeof(INT32))
      |                      ^~~~~
/home/aitest/sesha/mono-track-sesha/monotrack/court-detection/build/CMakeFiles/CheckTypeSize/int32.c:25:12: note: in expansion of macro ‘SIZE’
   25 |   ('0' + ((SIZE / 10000)%10)),
      |            ^~~~
make[1]: *** [CMakeFiles/cmTC_71f5b.dir/build.make:66: CMakeFiles/cmTC_71f5b.dir/int32.c.o] Error 1
make[1]: Leaving directory '/home/aitest/sesha/mono-track-sesha/monotrack/court-detection/build/CMakeFiles/CMakeTmp'
make: *** [Makefile:121: cmTC_71f5b/fast] Error 2


/home/aitest/sesha/mono-track-sesha/monotrack/court-detection/build/CMakeFiles/CheckTypeSize/int32.c:
#include <sys/types.h>
#include <stdint.h>
#include <stddef.h>


#undef KEY
#if defined(__i386)
# define KEY '_','_','i','3','8','6'
#elif defined(__x86_64)
# define KEY '_','_','x','8','6','_','6','4'
#elif defined(__ppc__)
# define KEY '_','_','p','p','c','_','_'
#elif defined(__ppc64__)
# define KEY '_','_','p','p','c','6','4','_','_'
#elif defined(__aarch64__)
# define KEY '_','_','a','a','r','c','h','6','4','_','_'
#elif defined(__ARM_ARCH_7A__)
# define KEY '_','_','A','R','M','_','A','R','C','H','_','7','A','_','_'
#elif defined(__ARM_ARCH_7S__)
# define KEY '_','_','A','R','M','_','A','R','C','H','_','7','S','_','_'
#endif

#define SIZE (sizeof(INT32))
static char info_size[] =  {'I', 'N', 'F', 'O', ':', 's','i','z','e','[',
  ('0' + ((SIZE / 10000)%10)),
  ('0' + ((SIZE / 1000)%10)),
  ('0' + ((SIZE / 100)%10)),
  ('0' + ((SIZE / 10)%10)),
  ('0' +  (SIZE    % 10)),
  ']',
#ifdef KEY
  ' ','k','e','y','[', KEY, ']',
#endif
  '\0'};

#ifdef __CLASSIC_C__
int main(argc, argv) int argc; char *argv[];
#else
int main(int argc, char *argv[])
#endif
{
  int require = 0;
  require += info_size[argc];
  (void)argv;
  return require;
}


Determining if the function setmode exists failed with the following output:
Change Dir: /home/aitest/sesha/mono-track-sesha/monotrack/court-detection/build/CMakeFiles/CMakeTmp

Run Build Command(s):/usr/bin/make cmTC_ec0d1/fast && /usr/bin/make -f CMakeFiles/cmTC_ec0d1.dir/build.make CMakeFiles/cmTC_ec0d1.dir/build
make[1]: Entering directory '/home/aitest/sesha/mono-track-sesha/monotrack/court-detection/build/CMakeFiles/CMakeTmp'
Building C object CMakeFiles/cmTC_ec0d1.dir/CheckFunctionExists.c.o
/usr/bin/cc   -fsigned-char -W -Wall -Werror=return-type -Werror=address -Werror=sequence-point -Wformat -Werror=format-security -Wmissing-declarations -Wmissing-prototypes -Wstrict-prototypes -Wundef -Winit-self -Wpointer-arith -Wshadow -Wuninitialized -Winit-self -Wno-comment -Wimplicit-fallthrough=3 -Wno-strict-overflow -fdiagnostics-show-option -Wno-long-long -pthread -fomit-frame-pointer -ffunction-sections -fdata-sections  -msse -msse2 -msse3 -fvisibility=hidden -DCHECK_FUNCTION_EXISTS=setmode -O3 -DNDEBUG  -DNDEBUG -fPIE   -o CMakeFiles/cmTC_ec0d1.dir/CheckFunctionExists.c.o   -c /usr/share/cmake-3.16/Modules/CheckFunctionExists.c
Linking C executable cmTC_ec0d1
/usr/bin/cmake -E cmake_link_script CMakeFiles/cmTC_ec0d1.dir/link.txt --verbose=1
/usr/bin/cc    -fsigned-char -W -Wall -Werror=return-type -Werror=address -Werror=sequence-point -Wformat -Werror=format-security -Wmissing-declarations -Wmissing-prototypes -Wstrict-prototypes -Wundef -Winit-self -Wpointer-arith -Wshadow -Wuninitialized -Winit-self -Wno-comment -Wimplicit-fallthrough=3 -Wno-strict-overflow -fdiagnostics-show-option -Wno-long-long -pthread -fomit-frame-pointer -ffunction-sections -fdata-sections  -msse -msse2 -msse3 -fvisibility=hidden -DCHECK_FUNCTION_EXISTS=setmode -O3 -DNDEBUG  -DNDEBUG    -Wl,--gc-sections -Wl,--as-needed  -rdynamic CMakeFiles/cmTC_ec0d1.dir/CheckFunctionExists.c.o  -o cmTC_ec0d1 
/usr/bin/ld: CMakeFiles/cmTC_ec0d1.dir/CheckFunctionExists.c.o: in function `main':
CheckFunctionExists.c:(.text.startup.main+0x10): undefined reference to `setmode'
collect2: error: ld returned 1 exit status
make[1]: *** [CMakeFiles/cmTC_ec0d1.dir/build.make:87: cmTC_ec0d1] Error 1
make[1]: Leaving directory '/home/aitest/sesha/mono-track-sesha/monotrack/court-detection/build/CMakeFiles/CMakeTmp'
make: *** [Makefile:121: cmTC_ec0d1/fast] Error 2



Build output check failed:
    Regex: 'command[- ]line option .* is valid for .* but not for C\+\+'
    Output line: 'cc1plus: warning: command line option ‘-Wno-missing-prototypes’ is valid for C/ObjC but not for C++'
Compilation failed:
    source file: '/home/aitest/sesha/mono-track-sesha/monotrack/court-detection/build/CMakeFiles/CMakeTmp/src.cxx'
    check option: ' -Wno-missing-prototypes'
===== BUILD LOG =====
Change Dir: /home/aitest/sesha/mono-track-sesha/monotrack/court-detection/build/CMakeFiles/CMakeTmp

Run Build Command(s):/usr/bin/make cmTC_fd9ab/fast && /usr/bin/make -f CMakeFiles/cmTC_fd9ab.dir/build.make CMakeFiles/cmTC_fd9ab.dir/build
make[1]: Entering directory '/home/aitest/sesha/mono-track-sesha/monotrack/court-detection/build/CMakeFiles/CMakeTmp'
Building CXX object CMakeFiles/cmTC_fd9ab.dir/src.cxx.o
/usr/bin/c++    -Wall -Wextra   -fsigned-char -W -Wall -Werror=return-type -Werror=non-virtual-dtor -Werror=address -Werror=sequence-point -Wformat -Werror=format-security -Wundef -Winit-self -Wpointer-arith -Wshadow -Wsign-promo -Wuninitialized -Winit-self -Wsuggest-override -Wno-delete-non-virtual-dtor -Wno-comment -Wimplicit-fallthrough=3 -Wno-strict-overflow -fdiagnostics-show-option -Wno-long-long -pthread -fomit-frame-pointer -ffunction-sections -fdata-sections  -msse -msse2 -msse3 -fvisibility=hidden -fvisibility-inlines-hidden -Wno-missing-declarations -Wno-unused-parameter  -O3 -DNDEBUG  -DNDEBUG -fPIE    -Wno-missing-prototypes -o CMakeFiles/cmTC_fd9ab.dir/src.cxx.o -c /home/aitest/sesha/mono-track-sesha/monotrack/court-detection/build/CMakeFiles/CMakeTmp/src.cxx
cc1plus: warning: command line option ‘-Wno-missing-prototypes’ is valid for C/ObjC but not for C++
/home/aitest/sesha/mono-track-sesha/monotrack/court-detection/build/CMakeFiles/CMakeTmp/src.cxx:1: warning: ignoring #pragma   [-Wunknown-pragmas]
    1 | #pragma
      | 
Linking CXX executable cmTC_fd9ab
/usr/bin/cmake -E cmake_link_script CMakeFiles/cmTC_fd9ab.dir/link.txt --verbose=1
/usr/bin/c++  -Wall -Wextra   -fsigned-char -W -Wall -Werror=return-type -Werror=non-virtual-dtor -Werror=address -Werror=sequence-point -Wformat -Werror=format-security -Wundef -Winit-self -Wpointer-arith -Wshadow -Wsign-promo -Wuninitialized -Winit-self -Wsuggest-override -Wno-delete-non-virtual-dtor -Wno-comment -Wimplicit-fallthrough=3 -Wno-strict-overflow -fdiagnostics-show-option -Wno-long-long -pthread -fomit-frame-pointer -ffunction-sections -fdata-sections  -msse -msse2 -msse3 -fvisibility=hidden -fvisibility-inlines-hidden -Wno-missing-declarations -Wno-unused-parameter  -O3 -DNDEBUG  -DNDEBUG    -Wl,--gc-sections -Wl,--as-needed  -rdynamic CMakeFiles/cmTC_fd9ab.dir/src.cxx.o  -o cmTC_fd9ab 
make[1]: Leaving directory '/home/aitest/sesha/mono-track-sesha/monotrack/court-detection/build/CMakeFiles/CMakeTmp'


===== END =====

Build output check failed:
    Regex: 'unrecognized .*option'
    Output line: 'cc1plus: warning: unrecognized command line option ‘-Wno-inconsistent-missing-override’'
Compilation failed:
    source file: '/home/aitest/sesha/mono-track-sesha/monotrack/court-detection/build/CMakeFiles/CMakeTmp/src.cxx'
    check option: ' -Wno-inconsistent-missing-override'
===== BUILD LOG =====
Change Dir: /home/aitest/sesha/mono-track-sesha/monotrack/court-detection/build/CMakeFiles/CMakeTmp

Run Build Command(s):/usr/bin/make cmTC_614ad/fast && /usr/bin/make -f CMakeFiles/cmTC_614ad.dir/build.make CMakeFiles/cmTC_614ad.dir/build
make[1]: Entering directory '/home/aitest/sesha/mono-track-sesha/monotrack/court-detection/build/CMakeFiles/CMakeTmp'
Building CXX object CMakeFiles/cmTC_614ad.dir/src.cxx.o
/usr/bin/c++    -Wall -fsigned-char -W -Wall -Werror=return-type -Werror=non-virtual-dtor -Werror=address -Werror=sequence-point -Wformat -Werror=format-security -Winit-self -Wpointer-arith -Wsign-promo -Winit-self -Wno-delete-non-virtual-dtor -Wno-comment -Wimplicit-fallthrough=3 -Wno-strict-overflow -fdiagnostics-show-option -Wno-long-long -pthread -fomit-frame-pointer -ffunction-sections -fdata-sections  -msse -msse2 -msse3 -fvisibility=hidden -fvisibility-inlines-hidden -Wno-shadow -Wno-unused -Wno-sign-compare -Wno-undef -Wno-missing-declarations -Wno-uninitialized -Wno-switch -Wno-parentheses -Wno-array-bounds -Wno-extra -Wno-deprecated-declarations -Wno-misleading-indentation -Wno-deprecated -Wno-suggest-override  -O3 -DNDEBUG  -DNDEBUG -fPIE    -Wno-inconsistent-missing-override -o CMakeFiles/cmTC_614ad.dir/src.cxx.o -c /home/aitest/sesha/mono-track-sesha/monotrack/court-detection/build/CMakeFiles/CMakeTmp/src.cxx
/home/aitest/sesha/mono-track-sesha/monotrack/court-detection/build/CMakeFiles/CMakeTmp/src.cxx:1: warning: ignoring #pragma   [-Wunknown-pragmas]
    1 | #pragma
      | 
cc1plus: warning: unrecognized command line option ‘-Wno-inconsistent-missing-override’
Linking CXX executable cmTC_614ad
/usr/bin/cmake -E cmake_link_script CMakeFiles/cmTC_614ad.dir/link.txt --verbose=1
/usr/bin/c++  -Wall -fsigned-char -W -Wall -Werror=return-type -Werror=non-virtual-dtor -Werror=address -Werror=sequence-point -Wformat -Werror=format-security -Winit-self -Wpointer-arith -Wsign-promo -Winit-self -Wno-delete-non-virtual-dtor -Wno-comment -Wimplicit-fallthrough=3 -Wno-strict-overflow -fdiagnostics-show-option -Wno-long-long -pthread -fomit-frame-pointer -ffunction-sections -fdata-sections  -msse -msse2 -msse3 -fvisibility=hidden -fvisibility-inlines-hidden -Wno-shadow -Wno-unused -Wno-sign-compare -Wno-undef -Wno-missing-declarations -Wno-uninitialized -Wno-switch -Wno-parentheses -Wno-array-bounds -Wno-extra -Wno-deprecated-declarations -Wno-misleading-indentation -Wno-deprecated -Wno-suggest-override  -O3 -DNDEBUG  -DNDEBUG    -Wl,--gc-sections -Wl,--as-needed  -rdynamic CMakeFiles/cmTC_614ad.dir/src.cxx.o  -o cmTC_614ad 
make[1]: Leaving directory '/home/aitest/sesha/mono-track-sesha/monotrack/court-detection/build/CMakeFiles/CMakeTmp'


===== END =====

Determining if the include file linux/videodev.h exists failed with the following output:
Change Dir: /home/aitest/sesha/mono-track-sesha/monotrack/court-detection/build/CMakeFiles/CMakeTmp

Run Build Command(s):/usr/bin/make cmTC_a207c/fast && /usr/bin/make -f CMakeFiles/cmTC_a207c.dir/build.make CMakeFiles/cmTC_a207c.dir/build
make[1]: Entering directory '/home/aitest/sesha/mono-track-sesha/monotrack/court-detection/build/CMakeFiles/CMakeTmp'
Building C object CMakeFiles/cmTC_a207c.dir/CheckIncludeFile.c.o
/usr/bin/cc   -fsigned-char -W -Wall -Werror=return-type -Werror=address -Werror=sequence-point -Wformat -Werror=format-security -Wmissing-declarations -Wmissing-prototypes -Wstrict-prototypes -Wundef -Winit-self -Wpointer-arith -Wshadow -Wuninitialized -Winit-self -Wno-comment -Wimplicit-fallthrough=3 -Wno-strict-overflow -fdiagnostics-show-option -Wno-long-long -pthread -fomit-frame-pointer -ffunction-sections -fdata-sections  -msse -msse2 -msse3 -fvisibility=hidden  -O3 -DNDEBUG  -DNDEBUG -fPIE   -o CMakeFiles/cmTC_a207c.dir/CheckIncludeFile.c.o   -c /home/aitest/sesha/mono-track-sesha/monotrack/court-detection/build/CMakeFiles/CMakeTmp/CheckIncludeFile.c
/home/aitest/sesha/mono-track-sesha/monotrack/court-detection/build/CMakeFiles/CMakeTmp/CheckIncludeFile.c:1:10: fatal error: linux/videodev.h: No such file or directory
    1 | #include <linux/videodev.h>
      |          ^~~~~~~~~~~~~~~~~~
compilation terminated.
make[1]: *** [CMakeFiles/cmTC_a207c.dir/build.make:66: CMakeFiles/cmTC_a207c.dir/CheckIncludeFile.c.o] Error 1
make[1]: Leaving directory '/home/aitest/sesha/mono-track-sesha/monotrack/court-detection/build/CMakeFiles/CMakeTmp'
make: *** [Makefile:121: cmTC_a207c/fast] Error 2



Determining if the include file sys/videoio.h exists failed with the following output:
Change Dir: /home/aitest/sesha/mono-track-sesha/monotrack/court-detection/build/CMakeFiles/CMakeTmp

Run Build Command(s):/usr/bin/make cmTC_36766/fast && /usr/bin/make -f CMakeFiles/cmTC_36766.dir/build.make CMakeFiles/cmTC_36766.dir/build
make[1]: Entering directory '/home/aitest/sesha/mono-track-sesha/monotrack/court-detection/build/CMakeFiles/CMakeTmp'
Building C object CMakeFiles/cmTC_36766.dir/CheckIncludeFile.c.o
/usr/bin/cc   -fsigned-char -W -Wall -Werror=return-type -Werror=address -Werror=sequence-point -Wformat -Werror=format-security -Wmissing-declarations -Wmissing-prototypes -Wstrict-prototypes -Wundef -Winit-self -Wpointer-arith -Wshadow -Wuninitialized -Winit-self -Wno-comment -Wimplicit-fallthrough=3 -Wno-strict-overflow -fdiagnostics-show-option -Wno-long-long -pthread -fomit-frame-pointer -ffunction-sections -fdata-sections  -msse -msse2 -msse3 -fvisibility=hidden  -O3 -DNDEBUG  -DNDEBUG -fPIE   -o CMakeFiles/cmTC_36766.dir/CheckIncludeFile.c.o   -c /home/aitest/sesha/mono-track-sesha/monotrack/court-detection/build/CMakeFiles/CMakeTmp/CheckIncludeFile.c
/home/aitest/sesha/mono-track-sesha/monotrack/court-detection/build/CMakeFiles/CMakeTmp/CheckIncludeFile.c:1:10: fatal error: sys/videoio.h: No such file or directory
    1 | #include <sys/videoio.h>
      |          ^~~~~~~~~~~~~~~
compilation terminated.
make[1]: *** [CMakeFiles/cmTC_36766.dir/build.make:66: CMakeFiles/cmTC_36766.dir/CheckIncludeFile.c.o] Error 1
make[1]: Leaving directory '/home/aitest/sesha/mono-track-sesha/monotrack/court-detection/build/CMakeFiles/CMakeTmp'
make: *** [Makefile:121: cmTC_36766/fast] Error 2



Determining if the function sgemm_ exists failed with the following output:
Change Dir: /home/aitest/sesha/mono-track-sesha/monotrack/court-detection/build/CMakeFiles/CMakeTmp

Run Build Command(s):/usr/bin/make cmTC_897f2/fast && /usr/bin/make -f CMakeFiles/cmTC_897f2.dir/build.make CMakeFiles/cmTC_897f2.dir/build
make[1]: Entering directory '/home/aitest/sesha/mono-track-sesha/monotrack/court-detection/build/CMakeFiles/CMakeTmp'
Building C object CMakeFiles/cmTC_897f2.dir/CheckFunctionExists.c.o
/usr/bin/cc   -fsigned-char -W -Wall -Werror=return-type -Werror=address -Werror=sequence-point -Wformat -Werror=format-security -Wmissing-declarations -Wmissing-prototypes -Wstrict-prototypes -Wundef -Winit-self -Wpointer-arith -Wshadow -Wuninitialized -Winit-self -Wno-comment -Wimplicit-fallthrough=3 -Wno-strict-overflow -fdiagnostics-show-option -Wno-long-long -pthread -fomit-frame-pointer -ffunction-sections -fdata-sections  -msse -msse2 -msse3 -fvisibility=hidden -DCHECK_FUNCTION_EXISTS=sgemm_ -O3 -DNDEBUG  -DNDEBUG -fPIE   -o CMakeFiles/cmTC_897f2.dir/CheckFunctionExists.c.o   -c /usr/share/cmake-3.16/Modules/CheckFunctionExists.c
Linking C executable cmTC_897f2
/usr/bin/cmake -E cmake_link_script CMakeFiles/cmTC_897f2.dir/link.txt --verbose=1
/usr/bin/cc    -fsigned-char -W -Wall -Werror=return-type -Werror=address -Werror=sequence-point -Wformat -Werror=format-security -Wmissing-declarations -Wmissing-prototypes -Wstrict-prototypes -Wundef -Winit-self -Wpointer-arith -Wshadow -Wuninitialized -Winit-self -Wno-comment -Wimplicit-fallthrough=3 -Wno-strict-overflow -fdiagnostics-show-option -Wno-long-long -pthread -fomit-frame-pointer -ffunction-sections -fdata-sections  -msse -msse2 -msse3 -fvisibility=hidden -DCHECK_FUNCTION_EXISTS=sgemm_ -O3 -DNDEBUG  -DNDEBUG    -Wl,--gc-sections -Wl,--as-needed  -rdynamic CMakeFiles/cmTC_897f2.dir/CheckFunctionExists.c.o  -o cmTC_897f2 
/usr/bin/ld: CMakeFiles/cmTC_897f2.dir/CheckFunctionExists.c.o: in function `main':
CheckFunctionExists.c:(.text.startup.main+0x10): undefined reference to `sgemm_'
collect2: error: ld returned 1 exit status
make[1]: *** [CMakeFiles/cmTC_897f2.dir/build.make:87: cmTC_897f2] Error 1
make[1]: Leaving directory '/home/aitest/sesha/mono-track-sesha/monotrack/court-detection/build/CMakeFiles/CMakeTmp'
make: *** [Makefile:121: cmTC_897f2/fast] Error 2



Build output check failed:
    Regex: 'unrecognized .*option'
    Output line: 'cc1plus: warning: unrecognized command line option ‘-Wno-tautological-undefined-compare’'
Compilation failed:
    source file: '/home/aitest/sesha/mono-track-sesha/monotrack/court-detection/build/CMakeFiles/CMakeTmp/src.cxx'
    check option: ' -Wno-tautological-undefined-compare'
===== BUILD LOG =====
Change Dir: /home/aitest/sesha/mono-track-sesha/monotrack/court-detection/build/CMakeFiles/CMakeTmp

Run Build Command(s):/usr/bin/make cmTC_1fa06/fast && /usr/bin/make -f CMakeFiles/cmTC_1fa06.dir/build.make CMakeFiles/cmTC_1fa06.dir/build
make[1]: Entering directory '/home/aitest/sesha/mono-track-sesha/monotrack/court-detection/build/CMakeFiles/CMakeTmp'
Building CXX object CMakeFiles/cmTC_1fa06.dir/src.cxx.o
/usr/bin/c++    -Wall -Wextra   -fsigned-char -W -Wall -Werror=return-type -Werror=non-virtual-dtor -Werror=address -Werror=sequence-point -Wformat -Werror=format-security -Winit-self -Wpointer-arith -Wuninitialized -Winit-self -Wsuggest-override -Wno-delete-non-virtual-dtor -Wno-comment -Wimplicit-fallthrough=3 -Wno-strict-overflow -fdiagnostics-show-option -Wno-long-long -pthread -fomit-frame-pointer -ffunction-sections -fdata-sections  -msse -msse2 -msse3 -fvisibility=hidden -fvisibility-inlines-hidden -Wno-deprecated -Wno-missing-declarations -Wno-shadow -Wno-unused-parameter -Wno-unused-local-typedefs -Wno-sign-compare -Wno-sign-promo -Wno-undef  -O3 -DNDEBUG  -DNDEBUG -fPIE    -Wno-tautological-undefined-compare -o CMakeFiles/cmTC_1fa06.dir/src.cxx.o -c /home/aitest/sesha/mono-track-sesha/monotrack/court-detection/build/CMakeFiles/CMakeTmp/src.cxx
/home/aitest/sesha/mono-track-sesha/monotrack/court-detection/build/CMakeFiles/CMakeTmp/src.cxx:1: warning: ignoring #pragma   [-Wunknown-pragmas]
    1 | #pragma
      | 
cc1plus: warning: unrecognized command line option ‘-Wno-tautological-undefined-compare’
Linking CXX executable cmTC_1fa06
/usr/bin/cmake -E cmake_link_script CMakeFiles/cmTC_1fa06.dir/link.txt --verbose=1
/usr/bin/c++  -Wall -Wextra   -fsigned-char -W -Wall -Werror=return-type -Werror=non-virtual-dtor -Werror=address -Werror=sequence-point -Wformat -Werror=format-security -Winit-self -Wpointer-arith -Wuninitialized -Winit-self -Wsuggest-override -Wno-delete-non-virtual-dtor -Wno-comment -Wimplicit-fallthrough=3 -Wno-strict-overflow -fdiagnostics-show-option -Wno-long-long -pthread -fomit-frame-pointer -ffunction-sections -fdata-sections  -msse -msse2 -msse3 -fvisibility=hidden -fvisibility-inlines-hidden -Wno-deprecated -Wno-missing-declarations -Wno-shadow -Wno-unused-parameter -Wno-unused-local-typedefs -Wno-sign-compare -Wno-sign-promo -Wno-undef  -O3 -DNDEBUG  -DNDEBUG    -Wl,--gc-sections -Wl,--as-needed  -rdynamic CMakeFiles/cmTC_1fa06.dir/src.cxx.o  -o cmTC_1fa06 
make[1]: Leaving directory '/home/aitest/sesha/mono-track-sesha/monotrack/court-detection/build/CMakeFiles/CMakeTmp'


===== END =====

Build output check failed:
    Regex: 'unrecognized .*option'
    Output line: 'cc1plus: warning: unrecognized command line option ‘-Wno-shorten-64-to-32’'
Compilation failed:
    source file: '/home/aitest/sesha/mono-track-sesha/monotrack/court-detection/build/CMakeFiles/CMakeTmp/src.cxx'
    check option: ' -Wno-shorten-64-to-32'
===== BUILD LOG =====
Change Dir: /home/aitest/sesha/mono-track-sesha/monotrack/court-detection/build/CMakeFiles/CMakeTmp

Run Build Command(s):/usr/bin/make cmTC_3ee1f/fast && /usr/bin/make -f CMakeFiles/cmTC_3ee1f.dir/build.make CMakeFiles/cmTC_3ee1f.dir/build
make[1]: Entering directory '/home/aitest/sesha/mono-track-sesha/monotrack/court-detection/build/CMakeFiles/CMakeTmp'
Building CXX object CMakeFiles/cmTC_3ee1f.dir/src.cxx.o
/usr/bin/c++    -Wall -fsigned-char -W -Wall -Werror=return-type -Werror=non-virtual-dtor -Werror=address -Werror=sequence-point -Wformat -Werror=format-security -Winit-self -Wpointer-arith -Wuninitialized -Winit-self -Wsuggest-override -Wno-delete-non-virtual-dtor -Wno-comment -Wimplicit-fallthrough=3 -Wno-strict-overflow -fdiagnostics-show-option -Wno-long-long -pthread -fomit-frame-pointer -ffunction-sections -fdata-sections  -msse -msse2 -msse3 -fvisibility=hidden -fvisibility-inlines-hidden -Wno-deprecated -Wno-missing-declarations -Wno-shadow -Wno-unused-parameter -Wno-unused-local-typedefs -Wno-sign-compare -Wno-sign-promo -Wno-undef -Wno-ignored-qualifiers -Wno-extra -Wno-unused-function -Wno-unused-const-variable  -O3 -DNDEBUG  -DNDEBUG -fPIE    -Wno-shorten-64-to-32 -o CMakeFiles/cmTC_3ee1f.dir/src.cxx.o -c /home/aitest/sesha/mono-track-sesha/monotrack/court-detection/build/CMakeFiles/CMakeTmp/src.cxx
/home/aitest/sesha/mono-track-sesha/monotrack/court-detection/build/CMakeFiles/CMakeTmp/src.cxx:1: warning: ignoring #pragma   [-Wunknown-pragmas]
    1 | #pragma
      | 
cc1plus: warning: unrecognized command line option ‘-Wno-shorten-64-to-32’
Linking CXX executable cmTC_3ee1f
/usr/bin/cmake -E cmake_link_script CMakeFiles/cmTC_3ee1f.dir/link.txt --verbose=1
/usr/bin/c++  -Wall -fsigned-char -W -Wall -Werror=return-type -Werror=non-virtual-dtor -Werror=address -Werror=sequence-point -Wformat -Werror=format-security -Winit-self -Wpointer-arith -Wuninitialized -Winit-self -Wsuggest-override -Wno-delete-non-virtual-dtor -Wno-comment -Wimplicit-fallthrough=3 -Wno-strict-overflow -fdiagnostics-show-option -Wno-long-long -pthread -fomit-frame-pointer -ffunction-sections -fdata-sections  -msse -msse2 -msse3 -fvisibility=hidden -fvisibility-inlines-hidden -Wno-deprecated -Wno-missing-declarations -Wno-shadow -Wno-unused-parameter -Wno-unused-local-typedefs -Wno-sign-compare -Wno-sign-promo -Wno-undef -Wno-ignored-qualifiers -Wno-extra -Wno-unused-function -Wno-unused-const-variable  -O3 -DNDEBUG  -DNDEBUG    -Wl,--gc-sections -Wl,--as-needed  -rdynamic CMakeFiles/cmTC_3ee1f.dir/src.cxx.o  -o cmTC_3ee1f 
make[1]: Leaving directory '/home/aitest/sesha/mono-track-sesha/monotrack/court-detection/build/CMakeFiles/CMakeTmp'


===== END =====

Build output check failed:
    Regex: 'unrecognized .*option'
    Output line: 'cc1plus: warning: unrecognized command line option ‘-Wno-enum-compare-switch’'
Compilation failed:
    source file: '/home/aitest/sesha/mono-track-sesha/monotrack/court-detection/build/CMakeFiles/CMakeTmp/src.cxx'
    check option: ' -Wno-enum-compare-switch'
===== BUILD LOG =====
Change Dir: /home/aitest/sesha/mono-track-sesha/monotrack/court-detection/build/CMakeFiles/CMakeTmp

Run Build Command(s):/usr/bin/make cmTC_8bbda/fast && /usr/bin/make -f CMakeFiles/cmTC_8bbda.dir/build.make CMakeFiles/cmTC_8bbda.dir/build
make[1]: Entering directory '/home/aitest/sesha/mono-track-sesha/monotrack/court-detection/build/CMakeFiles/CMakeTmp'
Building CXX object CMakeFiles/cmTC_8bbda.dir/src.cxx.o
/usr/bin/c++    -Wall -fsigned-char -W -Wall -Werror=return-type -Werror=non-virtual-dtor -Werror=address -Werror=sequence-point -Wformat -Werror=format-security -Winit-self -Wpointer-arith -Wuninitialized -Winit-self -Wsuggest-override -Wno-delete-non-virtual-dtor -Wno-comment -Wimplicit-fallthrough=3 -Wno-strict-overflow -fdiagnostics-show-option -Wno-long-long -pthread -fomit-frame-pointer -ffunction-sections -fdata-sections  -msse -msse2 -msse3 -fvisibility=hidden -fvisibility-inlines-hidden -Wno-deprecated -Wno-missing-declarations -Wno-shadow -Wno-unused-parameter -Wno-unused-local-typedefs -Wno-sign-compare -Wno-sign-promo -Wno-undef -Wno-ignored-qualifiers -Wno-extra -Wno-unused-function -Wno-unused-const-variable -Wno-invalid-offsetof  -O3 -DNDEBUG  -DNDEBUG -fPIE    -Wno-enum-compare-switch -o CMakeFiles/cmTC_8bbda.dir/src.cxx.o -c /home/aitest/sesha/mono-track-sesha/monotrack/court-detection/build/CMakeFiles/CMakeTmp/src.cxx
/home/aitest/sesha/mono-track-sesha/monotrack/court-detection/build/CMakeFiles/CMakeTmp/src.cxx:1: warning: ignoring #pragma   [-Wunknown-pragmas]
    1 | #pragma
      | 
cc1plus: warning: unrecognized command line option ‘-Wno-enum-compare-switch’
Linking CXX executable cmTC_8bbda
/usr/bin/cmake -E cmake_link_script CMakeFiles/cmTC_8bbda.dir/link.txt --verbose=1
/usr/bin/c++  -Wall -fsigned-char -W -Wall -Werror=return-type -Werror=non-virtual-dtor -Werror=address -Werror=sequence-point -Wformat -Werror=format-security -Winit-self -Wpointer-arith -Wuninitialized -Winit-self -Wsuggest-override -Wno-delete-non-virtual-dtor -Wno-comment -Wimplicit-fallthrough=3 -Wno-strict-overflow -fdiagnostics-show-option -Wno-long-long -pthread -fomit-frame-pointer -ffunction-sections -fdata-sections  -msse -msse2 -msse3 -fvisibility=hidden -fvisibility-inlines-hidden -Wno-deprecated -Wno-missing-declarations -Wno-shadow -Wno-unused-parameter -Wno-unused-local-typedefs -Wno-sign-compare -Wno-sign-promo -Wno-undef -Wno-ignored-qualifiers -Wno-extra -Wno-unused-function -Wno-unused-const-variable -Wno-invalid-offsetof  -O3 -DNDEBUG  -DNDEBUG    -Wl,--gc-sections -Wl,--as-needed  -rdynamic CMakeFiles/cmTC_8bbda.dir/src.cxx.o  -o cmTC_8bbda 
make[1]: Leaving directory '/home/aitest/sesha/mono-track-sesha/monotrack/court-detection/build/CMakeFiles/CMakeTmp'


===== END =====

Determining if the include file linux/videodev.h exists failed with the following output:
Change Dir: /home/aitest/sesha/mono-track-sesha/monotrack/court-detection/build/CMakeFiles/CMakeTmp

Run Build Command(s):/usr/bin/make cmTC_80d5e/fast && /usr/bin/make -f CMakeFiles/cmTC_80d5e.dir/build.make CMakeFiles/cmTC_80d5e.dir/build
make[1]: Entering directory '/home/aitest/sesha/mono-track-sesha/monotrack/court-detection/build/CMakeFiles/CMakeTmp'
Building C object CMakeFiles/cmTC_80d5e.dir/CheckIncludeFile.c.o
/usr/bin/cc   -fsigned-char -W -Wall -Werror=return-type -Werror=address -Werror=sequence-point -Wformat -Werror=format-security -Wmissing-declarations -Wmissing-prototypes -Wstrict-prototypes -Wundef -Winit-self -Wpointer-arith -Wshadow -Wuninitialized -Winit-self -Wno-comment -Wimplicit-fallthrough=3 -Wno-strict-overflow -fdiagnostics-show-option -Wno-long-long -pthread -fomit-frame-pointer -ffunction-sections -fdata-sections  -msse -msse2 -msse3 -fvisibility=hidden  -O3 -DNDEBUG  -DNDEBUG -fPIE   -o CMakeFiles/cmTC_80d5e.dir/CheckIncludeFile.c.o   -c /home/aitest/sesha/mono-track-sesha/monotrack/court-detection/build/CMakeFiles/CMakeTmp/CheckIncludeFile.c
/home/aitest/sesha/mono-track-sesha/monotrack/court-detection/build/CMakeFiles/CMakeTmp/CheckIncludeFile.c:1:10: fatal error: linux/videodev.h: No such file or directory
    1 | #include <linux/videodev.h>
      |          ^~~~~~~~~~~~~~~~~~
compilation terminated.
make[1]: *** [CMakeFiles/cmTC_80d5e.dir/build.make:66: CMakeFiles/cmTC_80d5e.dir/CheckIncludeFile.c.o] Error 1
make[1]: Leaving directory '/home/aitest/sesha/mono-track-sesha/monotrack/court-detection/build/CMakeFiles/CMakeTmp'
make: *** [Makefile:121: cmTC_80d5e/fast] Error 2



Determining if the include file sys/videoio.h exists failed with the following output:
Change Dir: /home/aitest/sesha/mono-track-sesha/monotrack/court-detection/build/CMakeFiles/CMakeTmp

Run Build Command(s):/usr/bin/make cmTC_29e94/fast && /usr/bin/make -f CMakeFiles/cmTC_29e94.dir/build.make CMakeFiles/cmTC_29e94.dir/build
make[1]: Entering directory '/home/aitest/sesha/mono-track-sesha/monotrack/court-detection/build/CMakeFiles/CMakeTmp'
Building C object CMakeFiles/cmTC_29e94.dir/CheckIncludeFile.c.o
/usr/bin/cc   -fsigned-char -W -Wall -Werror=return-type -Werror=address -Werror=sequence-point -Wformat -Werror=format-security -Wmissing-declarations -Wmissing-prototypes -Wstrict-prototypes -Wundef -Winit-self -Wpointer-arith -Wshadow -Wuninitialized -Winit-self -Wno-comment -Wimplicit-fallthrough=3 -Wno-strict-overflow -fdiagnostics-show-option -Wno-long-long -pthread -fomit-frame-pointer -ffunction-sections -fdata-sections  -msse -msse2 -msse3 -fvisibility=hidden  -O3 -DNDEBUG  -DNDEBUG -fPIE   -o CMakeFiles/cmTC_29e94.dir/CheckIncludeFile.c.o   -c /home/aitest/sesha/mono-track-sesha/monotrack/court-detection/build/CMakeFiles/CMakeTmp/CheckIncludeFile.c
/home/aitest/sesha/mono-track-sesha/monotrack/court-detection/build/CMakeFiles/CMakeTmp/CheckIncludeFile.c:1:10: fatal error: sys/videoio.h: No such file or directory
    1 | #include <sys/videoio.h>
      |          ^~~~~~~~~~~~~~~
compilation terminated.
make[1]: *** [CMakeFiles/cmTC_29e94.dir/build.make:66: CMakeFiles/cmTC_29e94.dir/CheckIncludeFile.c.o] Error 1
make[1]: Leaving directory '/home/aitest/sesha/mono-track-sesha/monotrack/court-detection/build/CMakeFiles/CMakeTmp'
make: *** [Makefile:121: cmTC_29e94/fast] Error 2



Determining if the include file linux/videodev.h exists failed with the following output:
Change Dir: /home/aitest/sesha/mono-track-sesha/monotrack/court-detection/build/CMakeFiles/CMakeTmp

Run Build Command(s):/usr/bin/make cmTC_a008d/fast && /usr/bin/make -f CMakeFiles/cmTC_a008d.dir/build.make CMakeFiles/cmTC_a008d.dir/build
make[1]: Entering directory '/home/aitest/sesha/mono-track-sesha/monotrack/court-detection/build/CMakeFiles/CMakeTmp'
Building C object CMakeFiles/cmTC_a008d.dir/CheckIncludeFile.c.o
/usr/bin/cc   -fsigned-char -W -Wall -Werror=return-type -Werror=address -Werror=sequence-point -Wformat -Werror=format-security -Wmissing-declarations -Wmissing-prototypes -Wstrict-prototypes -Wundef -Winit-self -Wpointer-arith -Wshadow -Wuninitialized -Winit-self -Wno-comment -Wimplicit-fallthrough=3 -Wno-strict-overflow -fdiagnostics-show-option -Wno-long-long -pthread -fomit-frame-pointer -ffunction-sections -fdata-sections  -msse -msse2 -msse3 -fvisibility=hidden  -O3 -DNDEBUG  -DNDEBUG -fPIE   -o CMakeFiles/cmTC_a008d.dir/CheckIncludeFile.c.o   -c /home/aitest/sesha/mono-track-sesha/monotrack/court-detection/build/CMakeFiles/CMakeTmp/CheckIncludeFile.c
/home/aitest/sesha/mono-track-sesha/monotrack/court-detection/build/CMakeFiles/CMakeTmp/CheckIncludeFile.c:1:10: fatal error: linux/videodev.h: No such file or directory
    1 | #include <linux/videodev.h>
      |          ^~~~~~~~~~~~~~~~~~
compilation terminated.
make[1]: *** [CMakeFiles/cmTC_a008d.dir/build.make:66: CMakeFiles/cmTC_a008d.dir/CheckIncludeFile.c.o] Error 1
make[1]: Leaving directory '/home/aitest/sesha/mono-track-sesha/monotrack/court-detection/build/CMakeFiles/CMakeTmp'
make: *** [Makefile:121: cmTC_a008d/fast] Error 2



Determining if the include file sys/videoio.h exists failed with the following output:
Change Dir: /home/aitest/sesha/mono-track-sesha/monotrack/court-detection/build/CMakeFiles/CMakeTmp

Run Build Command(s):/usr/bin/make cmTC_9e323/fast && /usr/bin/make -f CMakeFiles/cmTC_9e323.dir/build.make CMakeFiles/cmTC_9e323.dir/build
make[1]: Entering directory '/home/aitest/sesha/mono-track-sesha/monotrack/court-detection/build/CMakeFiles/CMakeTmp'
Building C object CMakeFiles/cmTC_9e323.dir/CheckIncludeFile.c.o
/usr/bin/cc   -fsigned-char -W -Wall -Werror=return-type -Werror=address -Werror=sequence-point -Wformat -Werror=format-security -Wmissing-declarations -Wmissing-prototypes -Wstrict-prototypes -Wundef -Winit-self -Wpointer-arith -Wshadow -Wuninitialized -Winit-self -Wno-comment -Wimplicit-fallthrough=3 -Wno-strict-overflow -fdiagnostics-show-option -Wno-long-long -pthread -fomit-frame-pointer -ffunction-sections -fdata-sections  -msse -msse2 -msse3 -fvisibility=hidden  -O3 -DNDEBUG  -DNDEBUG -fPIE   -o CMakeFiles/cmTC_9e323.dir/CheckIncludeFile.c.o   -c /home/aitest/sesha/mono-track-sesha/monotrack/court-detection/build/CMakeFiles/CMakeTmp/CheckIncludeFile.c
/home/aitest/sesha/mono-track-sesha/monotrack/court-detection/build/CMakeFiles/CMakeTmp/CheckIncludeFile.c:1:10: fatal error: sys/videoio.h: No such file or directory
    1 | #include <sys/videoio.h>
      |          ^~~~~~~~~~~~~~~
compilation terminated.
make[1]: *** [CMakeFiles/cmTC_9e323.dir/build.make:66: CMakeFiles/cmTC_9e323.dir/CheckIncludeFile.c.o] Error 1
make[1]: Leaving directory '/home/aitest/sesha/mono-track-sesha/monotrack/court-detection/build/CMakeFiles/CMakeTmp'
make: *** [Makefile:121: cmTC_9e323/fast] Error 2



